<?xml version="1.0" encoding="UTF-8"?>
<testsuite name="com.kodilla.testing.forum.statistics.StatisticsCalculatorTestSuite" tests="1" skipped="0" failures="0" errors="0" timestamp="2018-10-20T08:18:07" hostname="LAPTOP-JEAKD775" time="0.591">
  <properties/>
  <testcase name="testCalculateAdvStatistics" classname="com.kodilla.testing.forum.statistics.StatisticsCalculatorTestSuite" time="0.591"/>
  <system-out><![CDATA[]]></system-out>
  <system-err><![CDATA[]]></system-err>
</testsuite>
